Using pre-set license
Built from '2020.3/staging' branch; Version is '2020.3.16f1 (049d6eca3c44) revision 302446'; Using compiler version '192528614'; Build Type 'Release'
OS: 'Windows 10 Pro; OS build 19042.1466; Version 2009; 64bit' Language: 'en' Physical Memory: 32677 MB
BatchMode: 1, IsHumanControllingUs: 0, StartBugReporterOnCrash: 0, Is64bit: 1, IsPro: 0

 COMMAND LINE ARGUMENTS:
C:\Program Files\Unity\Hub\Editor\2020.3.16f1\Editor\Unity.exe
-adb2
-batchMode
-noUpm
-name
AssetImportWorker0
-projectPath
C:/Users/Darth-Cranos/Documents/GitHub/EasterBunnyHunt/EasterBunnyHunt
-logFile
Logs/AssetImportWorker0.log
-srvPort
54934
Successfully changed project path to: C:/Users/Darth-Cranos/Documents/GitHub/EasterBunnyHunt/EasterBunnyHunt
C:/Users/Darth-Cranos/Documents/GitHub/EasterBunnyHunt/EasterBunnyHunt
Using Asset Import Pipeline V2.
Refreshing native plugins compatible for Editor in 97.52 ms, found 2 plugins.
Preloading 0 native plugins for Editor in 0.00 ms.
Initialize engine version: 2020.3.16f1 (049d6eca3c44)
[Subsystems] Discovering subsystems at path C:/Program Files/Unity/Hub/Editor/2020.3.16f1/Editor/Data/Resources/UnitySubsystems
[Subsystems] Discovering subsystems at path C:/Users/Darth-Cranos/Documents/GitHub/EasterBunnyHunt/EasterBunnyHunt/Assets
GfxDevice: creating device client; threaded=0
Direct3D:
    Version:  Direct3D 11.0 [level 11.1]
    Renderer: NVIDIA GeForce GTX 1080 (ID=0x1b80)
    Vendor:   
    VRAM:     8079 MB
    Driver:   30.0.14.9649
Shader 'Universal Render Pipeline/Particles/Lit': fallback shader 'Universal Render Pipeline/Particles/SimpleLit' not found
Initialize mono
Mono path[0] = 'C:/Program Files/Unity/Hub/Editor/2020.3.16f1/Editor/Data/Managed'
Mono path[1] = 'C:/Program Files/Unity/Hub/Editor/2020.3.16f1/Editor/Data/MonoBleedingEdge/lib/mono/unityjit'
Mono config path = 'C:/Program Files/Unity/Hub/Editor/2020.3.16f1/Editor/Data/MonoBleedingEdge/etc'
Using monoOptions --debugger-agent=transport=dt_socket,embedding=1,server=y,suspend=n,address=127.0.0.1:56472
Begin MonoManager ReloadAssembly
Registering precompiled unity dll's ...
Register platform support module: C:/Program Files/Unity/Hub/Editor/2020.3.16f1/Editor/Data/PlaybackEngines/WindowsStandaloneSupport/UnityEditor.WindowsStandalone.Extensions.dll
Registered in 0.004114 seconds.
Native extension for WindowsStandalone target not found
Refreshing native plugins compatible for Editor in 159.15 ms, found 2 plugins.
Preloading 0 native plugins for Editor in 0.00 ms.
Mono: successfully reloaded assembly
- Completed reload, in  2.392 seconds
Domain Reload Profiling:
	ReloadAssembly (2393ms)
		BeginReloadAssembly (180ms)
			ExecutionOrderSort (0ms)
			DisableScriptedObjects (0ms)
			BackupInstance (0ms)
			ReleaseScriptingObjects (0ms)
			CreateAndSetChildDomain (2ms)
		EndReloadAssembly (1077ms)
			LoadAssemblies (169ms)
			RebuildTransferFunctionScriptingTraits (0ms)
			SetupTypeCache (448ms)
			ReleaseScriptCaches (0ms)
			RebuildScriptCaches (98ms)
			SetupLoadedEditorAssemblies (374ms)
				LogAssemblyErrors (0ms)
				InitializePlatformSupportModulesInManaged (13ms)
				SetLoadedEditorAssemblies (1ms)
				RefreshPlugins (159ms)
				BeforeProcessingInitializeOnLoad (40ms)
				ProcessInitializeOnLoadAttributes (125ms)
				ProcessInitializeOnLoadMethodAttributes (36ms)
				AfterProcessingInitializeOnLoad (0ms)
				EditorAssembliesLoaded (0ms)
			ExecutionOrderSort2 (0ms)
			AwakeInstancesAfterBackupRestoration (0ms)
Platform modules already initialized, skipping
Registering precompiled user dll's ...
Registered in 0.019259 seconds.
Begin MonoManager ReloadAssembly
Native extension for WindowsStandalone target not found
Refreshing native plugins compatible for Editor in 84.94 ms, found 2 plugins.
Preloading 0 native plugins for Editor in 0.00 ms.
Mono: successfully reloaded assembly
- Completed reload, in  2.443 seconds
Domain Reload Profiling:
	ReloadAssembly (2446ms)
		BeginReloadAssembly (188ms)
			ExecutionOrderSort (0ms)
			DisableScriptedObjects (6ms)
			BackupInstance (0ms)
			ReleaseScriptingObjects (0ms)
			CreateAndSetChildDomain (22ms)
		EndReloadAssembly (2164ms)
			LoadAssemblies (156ms)
			RebuildTransferFunctionScriptingTraits (0ms)
			SetupTypeCache (708ms)
			ReleaseScriptCaches (1ms)
			RebuildScriptCaches (90ms)
			SetupLoadedEditorAssemblies (960ms)
				LogAssemblyErrors (0ms)
				InitializePlatformSupportModulesInManaged (5ms)
				SetLoadedEditorAssemblies (0ms)
				RefreshPlugins (85ms)
				BeforeProcessingInitializeOnLoad (280ms)
				ProcessInitializeOnLoadAttributes (555ms)
				ProcessInitializeOnLoadMethodAttributes (18ms)
				AfterProcessingInitializeOnLoad (17ms)
				EditorAssembliesLoaded (0ms)
			ExecutionOrderSort2 (0ms)
			AwakeInstancesAfterBackupRestoration (9ms)
Platform modules already initialized, skipping
========================================================================
Worker process is ready to serve import requests
Shader 'Universal Render Pipeline/Particles/Lit': fallback shader 'Universal Render Pipeline/Particles/SimpleLit' not found
Launched and connected shader compiler UnityShaderCompiler.exe after 0.15 seconds
Refreshing native plugins compatible for Editor in 0.79 ms, found 2 plugins.
Preloading 0 native plugins for Editor in 0.00 ms.
Unloading 2844 Unused Serialized files (Serialized files now loaded: 0)
System memory in use before: 129.1 MB.
System memory in use after: 129.2 MB.

Unloading 25 unused Assets to reduce memory usage. Loaded Objects now: 3272.
Total: 5.768100 ms (FindLiveObjects: 0.351600 ms CreateObjectMapping: 0.170700 ms MarkObjects: 5.104700 ms  DeleteObjects: 0.136900 ms)

AssetImportParameters requested are different than current active one (requested -> active):
  requireTextureImportCompression: false -> true
  custom:framework-win-MediaFoundation: 216162199b28c13a410421893ffa2e32 -> 
  custom:video-decoder-ogg-theora: a1e56fd34408186e4bbccfd4996cb3dc -> 
  custom:container-muxer-webm: aa71ff27fc2769a1b78a27578f13a17b -> 
  custom:container-demuxer-webm: 4f35f7cbe854078d1ac9338744f61a02 -> 
  custom:container-demuxer-ogg: 62fdf1f143b41e24485cea50d1cbac27 -> 
  custom:video-encoder-webm-vp8: eb34c28f22e8b96e1ab97ce403110664 -> 
  custom:video-decoder-webm-vp8: 9c59270c3fd7afecdb556c50c9e8de78 -> 
  custom:audio-decoder-ogg-vorbis: bf7c407c2cedff20999df2af8eb42d56 -> 
  custom:audio-encoder-webm-vorbis: bf7c407c2cedff20999df2af8eb42d56 -> 
========================================================================
Received Import Request.
  path: Assets/Graphics/Terrain
  artifactKey: Guid(405b8e922144428409c3f70ec099ab2e) Importer(815301076,1909f56bfc062723c751e8b465ee728b)
Start importing Assets/Graphics/Terrain using Guid(405b8e922144428409c3f70ec099ab2e) Importer(815301076,1909f56bfc062723c751e8b465ee728b)  -> (artifact id: '574a9bd1a83f884a13a0b7cc5f9a13f6') in 0.010530 seconds 
  Import took 0.017634 seconds .

========================================================================
Received Import Request.
  Time since last request: 0.051642 seconds.
  path: Assets/Graphics/Terrain/New Terrain.asset
  artifactKey: Guid(502e5d64e47f0d7479b1c052ddd2f0e1) Importer(815301076,1909f56bfc062723c751e8b465ee728b)
Start importing Assets/Graphics/Terrain/New Terrain.asset using Guid(502e5d64e47f0d7479b1c052ddd2f0e1) Importer(815301076,1909f56bfc062723c751e8b465ee728b) The tree Birch must use the Nature/Soft Occlusion shader. Otherwise billboarding/lighting will not work correctly.

 -> (artifact id: '6850d8c8e1b42cde993aa27a7d902007') in 0.330429 seconds 
  Import took 0.341232 seconds .

========================================================================
Received Import Request.
  Time since last request: 0.000350 seconds.
  path: Assets/Graphics/Terrain/TerrainData_39f956e7-f51e-4a95-aba4-6cf2b02b31d8.asset
  artifactKey: Guid(f3e83146405cc7b498216b3519a18453) Importer(815301076,1909f56bfc062723c751e8b465ee728b)
Start importing Assets/Graphics/Terrain/TerrainData_39f956e7-f51e-4a95-aba4-6cf2b02b31d8.asset using Guid(f3e83146405cc7b498216b3519a18453) Importer(815301076,1909f56bfc062723c751e8b465ee728b)  -> (artifact id: '0bde2c441364c0047c317c8e9a4c8195') in 0.015470 seconds 
  Import took 0.023238 seconds .

========================================================================
Received Import Request.
  Time since last request: 0.000286 seconds.
  path: Assets/Graphics/Terrain/Terrain.prefab
  artifactKey: Guid(cf77635516f4cba4b8af46379090d016) Importer(815301076,1909f56bfc062723c751e8b465ee728b)
Start importing Assets/Graphics/Terrain/Terrain.prefab using Guid(cf77635516f4cba4b8af46379090d016) Importer(815301076,1909f56bfc062723c751e8b465ee728b)  -> (artifact id: '943bc9cb2da045d88d21768d598d1295') in 0.015844 seconds 
  Import took 0.021683 seconds .

========================================================================
Received Import Request.
  Time since last request: 0.000240 seconds.
  path: Assets/Graphics/Terrain/TerrainData_092064f9-a588-41ac-b029-7c6904490967.asset
  artifactKey: Guid(6a579ff94b6924747a1b1bdd1d216ac9) Importer(815301076,1909f56bfc062723c751e8b465ee728b)
Start importing Assets/Graphics/Terrain/TerrainData_092064f9-a588-41ac-b029-7c6904490967.asset using Guid(6a579ff94b6924747a1b1bdd1d216ac9) Importer(815301076,1909f56bfc062723c751e8b465ee728b)  -> (artifact id: '714ff9655477c07b7dc622af9857d5a1') in 0.009862 seconds 
  Import took 0.015030 seconds .

========================================================================
Received Import Request.
  Time since last request: 0.000275 seconds.
  path: Assets/Graphics/Terrain/TerrainMat.mat
  artifactKey: Guid(f7dfe71548119524b887b189d795e386) Importer(815301076,1909f56bfc062723c751e8b465ee728b)
Start importing Assets/Graphics/Terrain/TerrainMat.mat using Guid(f7dfe71548119524b887b189d795e386) Importer(815301076,1909f56bfc062723c751e8b465ee728b)  -> (artifact id: '2d1fd65cfe65cd1f157ff67fa1c8ca31') in 0.293855 seconds 
  Import took 0.303196 seconds .

========================================================================
Received Import Request.
  Time since last request: 341.641590 seconds.
  path: Assets/Graphics/Placeholders/BasketMesh.fbx
  artifactKey: Guid(c1118316243d9f8459edf78d49ae13cb) Importer(815301076,1909f56bfc062723c751e8b465ee728b)
Start importing Assets/Graphics/Placeholders/BasketMesh.fbx using Guid(c1118316243d9f8459edf78d49ae13cb) Importer(815301076,1909f56bfc062723c751e8b465ee728b)  -> (artifact id: '117242b49ea245a380cc1020231096a4') in 0.114028 seconds 
  Import took 0.124456 seconds .

========================================================================
Received Import Request.
  Time since last request: 0.000297 seconds.
  path: Assets/Graphics/Placeholders/LupineMesh.fbx
  artifactKey: Guid(f945b2ffdb4b41242b49aad8d366b202) Importer(815301076,1909f56bfc062723c751e8b465ee728b)
Start importing Assets/Graphics/Placeholders/LupineMesh.fbx using Guid(f945b2ffdb4b41242b49aad8d366b202) Importer(815301076,1909f56bfc062723c751e8b465ee728b)  -> (artifact id: 'a135ccba0d25cd3296a4b547796f301e') in 0.019382 seconds 
  Import took 0.025442 seconds .

========================================================================
Received Import Request.
  Time since last request: 0.000224 seconds.
  path: Assets/Graphics/Placeholders/Tulip.fbx
  artifactKey: Guid(661dc91f14ab0414385632033ddf1a42) Importer(815301076,1909f56bfc062723c751e8b465ee728b)
Start importing Assets/Graphics/Placeholders/Tulip.fbx using Guid(661dc91f14ab0414385632033ddf1a42) Importer(815301076,1909f56bfc062723c751e8b465ee728b)  -> (artifact id: '918804ba1aa6253d62838a1685d75ff3') in 0.019363 seconds 
  Import took 0.025857 seconds .

========================================================================
Received Import Request.
  Time since last request: 0.000232 seconds.
  path: Assets/Graphics/Placeholders/GrassMesh.fbx
  artifactKey: Guid(30fb8d15e6c84994486980db8e8299a2) Importer(815301076,1909f56bfc062723c751e8b465ee728b)
Start importing Assets/Graphics/Placeholders/GrassMesh.fbx using Guid(30fb8d15e6c84994486980db8e8299a2) Importer(815301076,1909f56bfc062723c751e8b465ee728b)  -> (artifact id: '01d38b069385972d3e2f8239d139a9ee') in 0.018852 seconds 
  Import took 0.024369 seconds .

========================================================================
Received Import Request.
  Time since last request: 0.000189 seconds.
  path: Assets/Graphics/Placeholders/BirchMesh.fbx
  artifactKey: Guid(c8fd5f597f6bae040a24571be7b3bf08) Importer(815301076,1909f56bfc062723c751e8b465ee728b)
Start importing Assets/Graphics/Placeholders/BirchMesh.fbx using Guid(c8fd5f597f6bae040a24571be7b3bf08) Importer(815301076,1909f56bfc062723c751e8b465ee728b)  -> (artifact id: '271e4fe7c3e154f43097f77b3469828e') in 0.018623 seconds 
  Import took 0.024427 seconds .

========================================================================
Received Import Request.
  Time since last request: 0.000223 seconds.
  path: Assets/Graphics/Placeholders/EggMesh.fbx
  artifactKey: Guid(6191f5204ae1965448150e208abee146) Importer(815301076,1909f56bfc062723c751e8b465ee728b)
Start importing Assets/Graphics/Placeholders/EggMesh.fbx using Guid(6191f5204ae1965448150e208abee146) Importer(815301076,1909f56bfc062723c751e8b465ee728b)  -> (artifact id: '1b9bb45f646944b7296f5b6d70c7f886') in 0.022960 seconds 
  Import took 0.028019 seconds .

========================================================================
Received Import Request.
  Time since last request: 1.158954 seconds.
  path: Assets/Graphics/Placeholders/Prefabs
  artifactKey: Guid(37034f8520826e041bd2b1eb3d7e03ad) Importer(815301076,1909f56bfc062723c751e8b465ee728b)
Start importing Assets/Graphics/Placeholders/Prefabs using Guid(37034f8520826e041bd2b1eb3d7e03ad) Importer(815301076,1909f56bfc062723c751e8b465ee728b)  -> (artifact id: 'f7d07e3e17c93761f28f548d2e91013a') in 0.003579 seconds 
  Import took 0.009629 seconds .

========================================================================
Received Import Request.
  Time since last request: 0.058241 seconds.
  path: Assets/Graphics/Placeholders/Prefabs/Basket.prefab
  artifactKey: Guid(5fd3d4292f6923f4d82d48ba16c22c3c) Importer(815301076,1909f56bfc062723c751e8b465ee728b)
Start importing Assets/Graphics/Placeholders/Prefabs/Basket.prefab using Guid(5fd3d4292f6923f4d82d48ba16c22c3c) Importer(815301076,1909f56bfc062723c751e8b465ee728b)  -> (artifact id: 'c2f11d1d0a236ad02abe602e47d939c8') in 0.033944 seconds 
  Import took 0.044504 seconds .

========================================================================
Received Import Request.
  Time since last request: 0.000405 seconds.
  path: Assets/Graphics/Placeholders/Prefabs/Grass.prefab
  artifactKey: Guid(c0da07b4a1e923a408c5b6a3d4167b93) Importer(815301076,1909f56bfc062723c751e8b465ee728b)
Start importing Assets/Graphics/Placeholders/Prefabs/Grass.prefab using Guid(c0da07b4a1e923a408c5b6a3d4167b93) Importer(815301076,1909f56bfc062723c751e8b465ee728b)  -> (artifact id: '9bb89688c6a6063660b7ad9355bde328') in 0.036214 seconds 
  Import took 0.044417 seconds .

========================================================================
Received Import Request.
  Time since last request: 0.000234 seconds.
  path: Assets/Graphics/Placeholders/Prefabs/Tulip.prefab
  artifactKey: Guid(577b2b7ef792f2a41945825e756cf691) Importer(815301076,1909f56bfc062723c751e8b465ee728b)
Start importing Assets/Graphics/Placeholders/Prefabs/Tulip.prefab using Guid(577b2b7ef792f2a41945825e756cf691) Importer(815301076,1909f56bfc062723c751e8b465ee728b)  -> (artifact id: 'a740f1a2124633a72cbd3d35d0fb7848') in 0.019561 seconds 
  Import took 0.025044 seconds .

========================================================================
Received Import Request.
  Time since last request: 0.000203 seconds.
  path: Assets/Graphics/Placeholders/Prefabs/Lupine.prefab
  artifactKey: Guid(ba52b54bdde377642b5a31c5477db39c) Importer(815301076,1909f56bfc062723c751e8b465ee728b)
Start importing Assets/Graphics/Placeholders/Prefabs/Lupine.prefab using Guid(ba52b54bdde377642b5a31c5477db39c) Importer(815301076,1909f56bfc062723c751e8b465ee728b)  -> (artifact id: '7e42bed1335bfba0ebb6633a8d052a26') in 0.026489 seconds 
  Import took 0.031695 seconds .

========================================================================
Received Import Request.
  Time since last request: 0.000233 seconds.
  path: Assets/Graphics/Placeholders/Prefabs/Egg.prefab
  artifactKey: Guid(132347a16513d1b448634ae10ada1eb6) Importer(815301076,1909f56bfc062723c751e8b465ee728b)
Start importing Assets/Graphics/Placeholders/Prefabs/Egg.prefab using Guid(132347a16513d1b448634ae10ada1eb6) Importer(815301076,1909f56bfc062723c751e8b465ee728b)  -> (artifact id: 'e0445b16e81cab2d4fdf97a1be3d14ea') in 0.021790 seconds 
  Import took 0.027047 seconds .

========================================================================
Received Import Request.
  Time since last request: 0.000212 seconds.
  path: Assets/Graphics/Placeholders/Prefabs/Birch.prefab
  artifactKey: Guid(7e8c776681136f049bf5705351fe4e6a) Importer(815301076,1909f56bfc062723c751e8b465ee728b)
Start importing Assets/Graphics/Placeholders/Prefabs/Birch.prefab using Guid(7e8c776681136f049bf5705351fe4e6a) Importer(815301076,1909f56bfc062723c751e8b465ee728b)  -> (artifact id: '611652021498efd9a4675089ef8e188c') in 0.029984 seconds 
  Import took 0.034961 seconds .

========================================================================
Received Import Request.
  Time since last request: 194.584308 seconds.
  path: Assets/Graphics/Placeholders/Textures/GrassBase.png
  artifactKey: Guid(0073a47758e5c654dbe64291a9d969d2) Importer(815301076,1909f56bfc062723c751e8b465ee728b)
Start importing Assets/Graphics/Placeholders/Textures/GrassBase.png using Guid(0073a47758e5c654dbe64291a9d969d2) Importer(815301076,1909f56bfc062723c751e8b465ee728b)  -> (artifact id: 'e6bbcff3f3045575403b7984b5fb28c6') in 0.072959 seconds 
  Import took 0.079636 seconds .

========================================================================
Received Import Request.
  Time since last request: 0.000272 seconds.
  path: Assets/Graphics/Placeholders/Textures/rock.png
  artifactKey: Guid(1176eff0a0f5ecf4092aa9b0845b36db) Importer(815301076,1909f56bfc062723c751e8b465ee728b)
Start importing Assets/Graphics/Placeholders/Textures/rock.png using Guid(1176eff0a0f5ecf4092aa9b0845b36db) Importer(815301076,1909f56bfc062723c751e8b465ee728b)  -> (artifact id: '1f30c4259957fa019574ab393a958974') in 0.023692 seconds 
  Import took 0.029242 seconds .

========================================================================
Received Import Request.
  Time since last request: 29.960788 seconds.
  path: Assets/Graphics/Placeholders/Textures
  artifactKey: Guid(67b301e25fb4caa41a7bdc609741d791) Importer(815301076,1909f56bfc062723c751e8b465ee728b)
Start importing Assets/Graphics/Placeholders/Textures using Guid(67b301e25fb4caa41a7bdc609741d791) Importer(815301076,1909f56bfc062723c751e8b465ee728b)  -> (artifact id: '29b34addeab3213afdd4a7917f450516') in 0.008981 seconds 
  Import took 0.016014 seconds .

========================================================================
Received Import Request.
  Time since last request: 0.000426 seconds.
  path: Assets/Graphics/Placeholders/Textures
  artifactKey: Guid(67b301e25fb4caa41a7bdc609741d791) Importer(815301076,1909f56bfc062723c751e8b465ee728b)
Start importing Assets/Graphics/Placeholders/Textures using Guid(67b301e25fb4caa41a7bdc609741d791) Importer(815301076,1909f56bfc062723c751e8b465ee728b)  -> (artifact id: '29b34addeab3213afdd4a7917f450516') in 0.003496 seconds 
  Import took 0.009430 seconds .

========================================================================
Received Import Request.
  Time since last request: 0.077910 seconds.
  path: Assets/Graphics/Placeholders/Textures/BasketTexture.png
  artifactKey: Guid(2ecc82d176979684b99a4a62d570e6e0) Importer(815301076,1909f56bfc062723c751e8b465ee728b)
Start importing Assets/Graphics/Placeholders/Textures/BasketTexture.png using Guid(2ecc82d176979684b99a4a62d570e6e0) Importer(815301076,1909f56bfc062723c751e8b465ee728b)  -> (artifact id: 'f1fc52300d376566068ec9b552c1f6c8') in 0.031587 seconds 
  Import took 0.039670 seconds .

========================================================================
Received Import Request.
  Time since last request: 0.000234 seconds.
  path: Assets/Graphics/Placeholders/Textures/GrassAlbedoMap.png
  artifactKey: Guid(fc62b64fce870054f9b634caa3dd4e04) Importer(815301076,1909f56bfc062723c751e8b465ee728b)
Start importing Assets/Graphics/Placeholders/Textures/GrassAlbedoMap.png using Guid(fc62b64fce870054f9b634caa3dd4e04) Importer(815301076,1909f56bfc062723c751e8b465ee728b)  -> (artifact id: '39c6ef61c4255353a7afe079375eb38e') in 0.018607 seconds 
  Import took 0.024277 seconds .

========================================================================
Received Import Request.
  Time since last request: 0.000211 seconds.
  path: Assets/Graphics/Placeholders/Textures/NewLayer.terrainlayer
  artifactKey: Guid(84b2a6d4bbcdd9245bf96682377d212e) Importer(815301076,1909f56bfc062723c751e8b465ee728b)
Start importing Assets/Graphics/Placeholders/Textures/NewLayer.terrainlayer using Guid(84b2a6d4bbcdd9245bf96682377d212e) Importer(815301076,1909f56bfc062723c751e8b465ee728b)  -> (artifact id: '835145469928401758af0dac20347626') in 0.026100 seconds 
  Import took 0.031432 seconds .

========================================================================
Received Import Request.
  Time since last request: 0.000200 seconds.
  path: Assets/Graphics/Placeholders/Textures/flower2.png
  artifactKey: Guid(a86d5740ca79ca74baddc64437ca3826) Importer(815301076,1909f56bfc062723c751e8b465ee728b)
Start importing Assets/Graphics/Placeholders/Textures/flower2.png using Guid(a86d5740ca79ca74baddc64437ca3826) Importer(815301076,1909f56bfc062723c751e8b465ee728b)  -> (artifact id: 'b4c8eaa6a26bde5f16dea8fd3d223130') in 0.016643 seconds 
  Import took 0.021856 seconds .

========================================================================
Received Import Request.
  Time since last request: 0.000262 seconds.
  path: Assets/Graphics/Placeholders/Textures/NewLayer 1.terrainlayer
  artifactKey: Guid(f3823c4acf40bd94d9a92efe003f26d2) Importer(815301076,1909f56bfc062723c751e8b465ee728b)
Start importing Assets/Graphics/Placeholders/Textures/NewLayer 1.terrainlayer using Guid(f3823c4acf40bd94d9a92efe003f26d2) Importer(815301076,1909f56bfc062723c751e8b465ee728b)  -> (artifact id: 'd00552d8fd66acffa51f962c0ffb03d1') in 0.019023 seconds 
  Import took 0.024065 seconds .

========================================================================
Received Import Request.
  Time since last request: 0.000235 seconds.
  path: Assets/Graphics/Placeholders/Textures/TulipTexture.png
  artifactKey: Guid(69871bb35327aee458fe72f8da8e3fee) Importer(815301076,1909f56bfc062723c751e8b465ee728b)
Start importing Assets/Graphics/Placeholders/Textures/TulipTexture.png using Guid(69871bb35327aee458fe72f8da8e3fee) Importer(815301076,1909f56bfc062723c751e8b465ee728b)  -> (artifact id: 'a550dfb34b22d2ffa588c3b00d742f73') in 0.017827 seconds 
  Import took 0.023302 seconds .

========================================================================
Received Import Request.
  Time since last request: 0.000199 seconds.
  path: Assets/Graphics/Placeholders/Textures/BirchTexture.png
  artifactKey: Guid(b01ebfac1995e6240933d851b5d23e7d) Importer(815301076,1909f56bfc062723c751e8b465ee728b)
Start importing Assets/Graphics/Placeholders/Textures/BirchTexture.png using Guid(b01ebfac1995e6240933d851b5d23e7d) Importer(815301076,1909f56bfc062723c751e8b465ee728b)  -> (artifact id: '963d57e6c20aa93adfa2fd58d079e272') in 0.018014 seconds 
  Import took 0.023478 seconds .

========================================================================
Received Import Request.
  Time since last request: 0.000222 seconds.
  path: Assets/Graphics/Placeholders/Textures/EggT.png
  artifactKey: Guid(f54fcdaa01674ef44aa0816121a707ab) Importer(815301076,1909f56bfc062723c751e8b465ee728b)
Start importing Assets/Graphics/Placeholders/Textures/EggT.png using Guid(f54fcdaa01674ef44aa0816121a707ab) Importer(815301076,1909f56bfc062723c751e8b465ee728b)  -> (artifact id: '5c43f0cad3a747cdc80411ad6c0e7120') in 0.018023 seconds 
  Import took 0.023132 seconds .

AssetImportWorkerClient::OnTransportError - code=2 error=End of file
